Invoked as: ./configure 
Tclsh: /usr/bin/tclsh
Failed: cc -g0 -Qunused-arguments conftest__.c -o conftest__
Undefined symbols for architecture arm64:
  "_localtime_s", referenced from:
      _main in conftest__-523b9f.o
ld: symbol(s) not found for architecture arm64
clang: error: linker command failed with exit code 1 (use -v to see invocation)
child process exited abnormally
============
The failed code was:
extern void localtime_s(void);
int main(void) {
localtime_s();
return 0;
}
============
Failed: cc -g0 -Qunused-arguments conftest__.c -o conftest__
Undefined symbols for architecture arm64:
  "_malloc_usable_size", referenced from:
      _main in conftest__-984939.o
ld: symbol(s) not found for architecture arm64
clang: error: linker command failed with exit code 1 (use -v to see invocation)
child process exited abnormally
============
The failed code was:
extern void malloc_usable_size(void);
int main(void) {
malloc_usable_size();
return 0;
}
============
Failed: cc -g0 -Qunused-arguments conftest__.c -o conftest__
Undefined symbols for architecture arm64:
  "_strchrnul", referenced from:
      _main in conftest__-9c25d5.o
ld: symbol(s) not found for architecture arm64
clang: error: linker command failed with exit code 1 (use -v to see invocation)
child process exited abnormally
============
The failed code was:
extern void strchrnul(void);
int main(void) {
strchrnul();
return 0;
}
============
Failed: cc -g0 -Qunused-arguments conftest__.c -o conftest__
Undefined symbols for architecture arm64:
  "_pread64", referenced from:
      _main in conftest__-96f948.o
ld: symbol(s) not found for architecture arm64
clang: error: linker command failed with exit code 1 (use -v to see invocation)
child process exited abnormally
============
The failed code was:
extern void pread64(void);
int main(void) {
pread64();
return 0;
}
============
Failed: cc -g0 -Qunused-arguments conftest__.c -o conftest__
Undefined symbols for architecture arm64:
  "_pwrite64", referenced from:
      _main in conftest__-33c7e5.o
ld: symbol(s) not found for architecture arm64
clang: error: linker command failed with exit code 1 (use -v to see invocation)
child process exited abnormally
============
The failed code was:
extern void pwrite64(void);
int main(void) {
pwrite64();
return 0;
}
============
Failed: cc -c -g0 -Qunused-arguments conftest__.c -o conftest__.o
conftest__.c:1:10: fatal error: 'malloc.h' file not found
#include <malloc.h>
         ^~~~~~~~~~
1 error generated.
child process exited abnormally
============
The failed code was:
#include <malloc.h>
int main(void) {

return 0;
}
============
Failed: cc -g0 -Qunused-arguments conftest__.c -o conftest__
Undefined symbols for architecture arm64:
  "_deflate", referenced from:
      _main in conftest__-d14eca.o
ld: symbol(s) not found for architecture arm64
clang: error: linker command failed with exit code 1 (use -v to see invocation)
child process exited abnormally
============
The failed code was:
extern void deflate(void);
int main(void) {
deflate();
return 0;
}
============
Failed: cc -c -g0 -Qunused-arguments conftest__.c -o conftest__.o
conftest__.c:3:15: error: '_x' declared as an array with a negative size
static int _x[sizeof(off_t) == 4 ? 1 : -1] = { 1 };
              ^~~~~~~~~~~~~~~~~~~~~~~~~~~
1 error generated.
child process exited abnormally
============
The failed code was:
#include <sys/types.h>
int main(void) {
static int _x[sizeof(off_t) == 4 ? 1 : -1] = { 1 };
return 0;
}
============
